<?xml version="1.0" encoding="UTF-8" ?>
<!DOCTYPE mapper PUBLIC "-//mybatis.org//DTD Mapper 3.0//EN"
  "http://mybatis.org/dtd/mybatis-3-mapper.dtd">

<mapper namespace="Dao">

	<insert id="insert">
		INSERT INTO test (no, name)
		VALUES(#{no},#{name})
	</insert>

	<!-- 파라미터 select가 Dao.select에서 select가 되고, parameter type이 매개변수타입이 됨 근데 
		생략 가능 -->
	<select id="select" resultType="vo">
		SELECT * FROM test Where no
		=#{no}
	</select>


	<delete id="delete">
		DELETE FROM test
		WHERE no=#{no}
	</delete>

	<update id="update">
		UPDATE test SET no=${no}, name=#{name} WHERE no=#{no}
	</update>



</mapper>
